<?xml version="1.0" encoding="UTF-8"?><testsuite errors="0" failures="1" name="TestCases.LoginTests.LoginTest" skipped="0" tests="1" time="26.52" timestamp="2021-03-30 06:50:29"><testcase classname="TestCases.LoginTests.LoginTest" name="Test"><failure message="Expected enabled element was not enabled" type="net.thucydides.core.webdriver.exceptions.ElementShouldBeEnabledException">Expected enabled element was not enabled</failure><system-err>Expected enabled element was not enabled&#13;
TestCases.LoginTests.LoginTest.Test(LoginTest.java:30)&#13;
</system-err></testcase></testsuite>